<?xml version="1.0" encoding="UTF-8" ?>
<testsuite errors="1" failures="0" hostname="alysson-Lenovo" name="TestListaEstatica" skipped="0" tests="1" time="0.0" timestamp="2020-12-10T11:34:22">
  <properties>
    <property name="sun.desktop" value="gnome" />
    <property name="ant.library.dir" value="/home/alysson/.p2/pool/plugins/org.apache.ant_1.10.8.v20200515-1239/lib" />
    <property name="awt.toolkit" value="sun.awt.X11.XToolkit" />
    <property name="java.specification.version" value="11" />
    <property name="ant.project.name" value="runTests" />
    <property name="sun.cpu.isalist" value="" />
    <property name="sun.jnu.encoding" value="UTF-8" />
    <property name="java.class.path" value="/home/alysson/gcm-classes/lib/junit.jar:/home/alysson/gcm-classes/bin:/home/alysson/.p2/pool/plugins/org.apache.ant_1.10.8.v20200515-1239/lib/ant-launcher.jar:/home/alysson/.p2/pool/plugins/org.apache.ant_1.10.8.v20200515-1239/lib/ant.jar:/home/alysson/.p2/pool/plugins/org.apache.ant_1.10.8.v20200515-1239/lib/ant-junit.jar:/home/alysson/.p2/pool/plugins/org.apache.ant_1.10.8.v20200515-1239/lib/ant-junit4.jar" />
    <property name="java.vm.vendor" value="Ubuntu" />
    <property name="sun.arch.data.model" value="64" />
    <property name="java.vendor.url" value="https://ubuntu.com/" />
    <property name="user.timezone" value="" />
    <property name="java.vm.specification.version" value="11" />
    <property name="os.name" value="Linux" />
    <property name="user.country" value="BR" />
    <property name="sun.java.launcher" value="SUN_STANDARD" />
    <property name="sun.boot.library.path" value="/usr/lib/jvm/java-11-openjdk-amd64/lib" />
    <property name="sun.java.command" value="org.apache.tools.ant.taskdefs.optional.junit.JUnitTestRunner TestListaEstatica skipNonTests=false filtertrace=true haltOnError=false haltOnFailure=true formatter=org.apache.tools.ant.taskdefs.optional.junit.SummaryJUnitResultFormatter showoutput=false outputtoformatters=true logfailedtests=true threadid=0 logtestlistenerevents=false formatter=org.apache.tools.ant.taskdefs.optional.junit.XMLJUnitResultFormatter,/home/alysson/gcm-classes/src/tests/TEST-TestListaEstatica.xml crashfile=/home/alysson/gcm-classes/junitvmwatcher11769834403462946073.properties propsfile=/home/alysson/gcm-classes/junit11107471287215635328.properties" />
    <property name="jdk.debug" value="release" />
    <property name="sun.cpu.endian" value="little" />
    <property name="user.home" value="/home/alysson" />
    <property name="user.language" value="pt" />
    <property name="java.specification.vendor" value="Oracle Corporation" />
    <property name="java.version.date" value="2020-11-04" />
    <property name="java.home" value="/usr/lib/jvm/java-11-openjdk-amd64" />
    <property name="file.separator" value="/" />
    <property name="basedir" value="/home/alysson/gcm-classes" />
    <property name="java.vm.compressedOopsMode" value="32-bit" />
    <property name="line.separator" value="&#xa;" />
    <property name="ant.java.version" value="11" />
    <property name="java.specification.name" value="Java Platform API Specification" />
    <property name="java.vm.specification.vendor" value="Oracle Corporation" />
    <property name="java.awt.graphicsenv" value="sun.awt.X11GraphicsEnvironment" />
    <property name="ant.file.type.runTests" value="file" />
    <property name="sun.management.compiler" value="HotSpot 64-Bit Tiered Compilers" />
    <property name="java.runtime.version" value="11.0.9.1+1-Ubuntu-0ubuntu1.20.04" />
    <property name="user.name" value="alysson" />
    <property name="ant.file" value="/home/alysson/gcm-classes/buildTests.xml" />
    <property name="path.separator" value=":" />
    <property name="os.version" value="5.4.0-56-generic" />
    <property name="java.runtime.name" value="OpenJDK Runtime Environment" />
    <property name="ant.project.invoked-targets" value="run_tests" />
    <property name="file.encoding" value="UTF-8" />
    <property name="java.vm.name" value="OpenJDK 64-Bit Server VM" />
    <property name="ant.core.lib" value="/home/alysson/.p2/pool/plugins/org.apache.ant_1.10.8.v20200515-1239/lib/ant.jar" />
    <property name="java.vendor.url.bug" value="https://bugs.launchpad.net/ubuntu/+source/openjdk-lts" />
    <property name="java.io.tmpdir" value="/tmp" />
    <property name="java.version" value="11.0.9.1" />
    <property name="user.dir" value="/home/alysson/gcm-classes" />
    <property name="ant.file.runTests" value="/home/alysson/gcm-classes/buildTests.xml" />
    <property name="os.arch" value="amd64" />
    <property name="java.vm.specification.name" value="Java Virtual Machine Specification" />
    <property name="java.awt.printerjob" value="sun.print.PSPrinterJob" />
    <property name="ant.home" value="/home/alysson/.p2/pool/plugins/org.apache.ant_1.10.8.v20200515-1239" />
    <property name="sun.os.patch.level" value="unknown" />
    <property name="ant.version" value="Apache Ant(TM) version 1.10.8 compiled on May 10 2020" />
    <property name="java.library.path" value="/usr/java/packages/lib:/usr/lib/x86_64-linux-gnu/jni:/lib/x86_64-linux-gnu:/usr/lib/x86_64-linux-gnu:/usr/lib/jni:/lib:/usr/lib" />
    <property name="java.vm.info" value="mixed mode, sharing" />
    <property name="java.vendor" value="Ubuntu" />
    <property name="java.vm.version" value="11.0.9.1+1-Ubuntu-0ubuntu1.20.04" />
    <property name="sun.io.unicode.encoding" value="UnicodeLittle" />
    <property name="java.class.version" value="55.0" />
    <property name="ant.project.default-target" value="run_tests" />
  </properties>
  <error message="TestListaEstatica" type="java.lang.ClassNotFoundException">java.lang.ClassNotFoundException: TestListaEstatica
	at java.base/jdk.internal.loader.BuiltinClassLoader.loadClass(BuiltinClassLoader.java:581)
	at java.base/jdk.internal.loader.ClassLoaders$AppClassLoader.loadClass(ClassLoaders.java:178)
	at java.base/java.lang.ClassLoader.loadClass(ClassLoader.java:522)
	at java.base/java.lang.Class.forName0(Native Method)
	at java.base/java.lang.Class.forName(Class.java:398)
</error>
  <system-out><![CDATA[]]></system-out>
  <system-err><![CDATA[]]></system-err>
</testsuite>
